<?xml version="1.0" encoding="UTF-8"?>
<!-- Generated by org.testng.reporters.JUnitReportReporter -->
<testsuite hostname="DESKTOP-H2BH64L" failures="0" tests="1" name="base.BaseTest" time="10.787" errors="0" timestamp="2023-07-08T01:06:09 IST" skipped="0">
  <testcase classname="base.BaseTest" name="setup" time="10.787"/>
  <system-out/>
</testsuite> <!-- base.BaseTest -->
